<?xml version="1.0" encoding="UTF-8"?>
<testng-results skipped="0" failed="0" ignored="0" total="1" passed="1">
  <reporter-output>
  </reporter-output>
  <suite name="Suite" duration-ms="1440" started-at="2017-11-06T01:17:31Z" finished-at="2017-11-06T01:17:32Z">
    <groups>
    </groups>
    <test name="Test" duration-ms="1440" started-at="2017-11-06T01:17:31Z" finished-at="2017-11-06T01:17:32Z">
      <class name="WebAppTest.HeadlessBrowserTest">
        <test-method status="PASS" signature="verifySimplWebAppTitle()[pri:0, instance:WebAppTest.HeadlessBrowserTest@3b81a1bc]" name="verifySimplWebAppTitle" duration-ms="1428" started-at="2017-11-05T20:17:31Z" finished-at="2017-11-05T20:17:32Z">
          <reporter-output>
          </reporter-output>
        </test-method> <!-- verifySimplWebAppTitle -->
      </class> <!-- WebAppTest.HeadlessBrowserTest -->
    </test> <!-- Test -->
  </suite> <!-- Suite -->
</testng-results>
