-------------------------------------------------------------------------------
Test set: TestSuite
-------------------------------------------------------------------------------
Tests run: 4, Failures: 1, Errors: 0, Skipped: 0, Time elapsed: 14.642 s <<< FAILURE! - in TestSuite
verifySimplWebAppTitleFail(WebAppTest.HeadlessBrowserTest)  Time elapsed: 0.091 s  <<< FAILURE!
java.lang.AssertionError: expected [true] but found [false]
	at WebAppTest.HeadlessBrowserTest.verifySimplWebAppTitleFail(HeadlessBrowserTest.java:36)

