<?xml version="1.0" encoding="UTF-8"?>
<testng-results skipped="0" failed="0" ignored="0" total="1" passed="1">
  <reporter-output>
  </reporter-output>
  <suite name="Default suite" duration-ms="9583" started-at="2017-11-13T04:29:02Z" finished-at="2017-11-13T04:29:12Z">
    <groups>
    </groups>
    <test name="Default test" duration-ms="9583" started-at="2017-11-13T04:29:02Z" finished-at="2017-11-13T04:29:12Z">
      <class name="WebAppTest.TestChromeOnGrid">
        <test-method status="PASS" signature="test1()[pri:0, instance:WebAppTest.TestChromeOnGrid@f6c48ac]" name="test1" duration-ms="9567" started-at="2017-11-12T23:29:02Z" finished-at="2017-11-12T23:29:12Z">
          <reporter-output>
          </reporter-output>
        </test-method> <!-- test1 -->
      </class> <!-- WebAppTest.TestChromeOnGrid -->
    </test> <!-- Default test -->
  </suite> <!-- Default suite -->
</testng-results>
